<?xml version="1.0" encoding="UTF-8"?>
<!-- Generated by org.testng.reporters.JUnitXMLReporter -->
<testsuite hostname="LT071993" ignored="0" name="Test" tests="1" failures="1" timestamp="14 Feb 2018 13:12:15 GMT" time="0.827" errors="0">
  <testcase name="f" time="0.718" classname="businessComponents.NewTest">
    <failure type="java.lang.IllegalStateException" message="The driver executable does not exist: D:\SeleniumTestNG_Workspace\MavProject\BrowserDriversEXE\chromedriver.exe">
      <![CDATA[java.lang.IllegalStateException: The driver executable does not exist: D:\SeleniumTestNG_Workspace\MavProject\BrowserDriversEXE\chromedriver.exeat com.google.common.base.Preconditions.checkState(Preconditions.java:534)at org.openqa.selenium.remote.service.DriverService.checkExecutable(DriverService.java:136)at org.openqa.selenium.remote.service.DriverService.findExecutable(DriverService.java:131)at org.openqa.selenium.chrome.ChromeDriverService.access$000(ChromeDriverService.java:32)at org.openqa.selenium.chrome.ChromeDriverService$Builder.findDefaultExecutable(ChromeDriverService.java:137)at org.openqa.selenium.remote.service.DriverService$Builder.build(DriverService.java:339)at org.openqa.selenium.chrome.ChromeDriverService.createDefaultService(ChromeDriverService.java:88)at org.openqa.selenium.chrome.ChromeDriver.<init>(ChromeDriver.java:123)at businessComponents.NewTest.f(NewTest.java:12)... Removed 25 stack frames]]>
    </failure>
  </testcase> <!-- f -->
</testsuite> <!-- Test -->
